
> session-attendance-app@1.0.0 build
> next build

  Γû▓ Next.js 14.2.18
  - Environments: .env

   Creating an optimized production build ...
node.exe : Failed to 
compile.
At line:1 char:1
+ & "C:\Program 
Files\nodejs/node.exe" 
"C:\Users\lakks\AppData
\Roaming\ ...
+ ~~~~~~~~~~~~~~~~~~~~~
~~~~~~~~~~~~~~~~~~~~~~~
~~~~~~~~~~~~~~~~~~~~~~~
~~
    + CategoryInfo     
         : NotSpecifi  
  ed: (Failed to com   
 pile.:String) [],     
RemoteException
    + FullyQualifiedEr 
   rorId : NativeComm  
  andError
 

./src/app/api/auth/trai
ner-register/route.ts
Module not found: 
Can't resolve 'bcrypt'

https://nextjs.org/docs
/messages/module-not-fo
und


> Build failed because 
of webpack errors
